<?xml version="1.0" encoding="UTF-8"?>
<!-- Generated by org.testng.reporters.JUnitXMLReporter -->
<testsuite ignored="0" hostname="DESKTOP-KTE0DHI" failures="1" tests="4" name="Test" time="20.398" errors="0" timestamp="2025-05-27T20:36:41 IST">
  <testcase classname="com.creatio.crm.application.tests.AplicationTest" name="VerifyCookieHeaderisDisplayed" time="2.467"/>
  <testcase classname="com.creatio.crm.application.tests.AplicationTest" name="verifyCookieContentDisplayed" time="2.502">
    <failure type="java.lang.AssertionError" message="expected [We may use cookies and similar technologies to collect information about the ways you interact with and use the website, to support and enhance features and functionality, to monitor performance, to personalize content and experiences, for marketing and analytics, and for other lawful purposes. We also may share information about your use of our site with our social media, advertising and analytics partners who may combine it with other information that you’ve provided to them or that they’ve collected from your use of their services. Please, see more details on the &amp;quot;About&amp;quot; tab  the &amp;quot;About&amp;quot; tab ] but found [We may use cookies and similar technologies to collect information about the ways you interact with and use the website, to support and enhance features and functionality, to monitor performance, to personalize content and experiences, for marketing and analytics, and for other lawful purposes. We also may share information about your use of our site with our social media, advertising and analytics partners who may combine it with other information that you’ve provided to them or that they’ve collected from your use of their services. Please, see more details on the &amp;quot;About&amp;quot; tab ]">
      <![CDATA[java.lang.AssertionError: expected [We may use cookies and similar technologies to collect information about the ways you interact with and use the website, to support and enhance features and functionality, to monitor performance, to personalize content and experiences, for marketing and analytics, and for other lawful purposes. We also may share information about your use of our site with our social media, advertising and analytics partners who may combine it with other information that you’ve provided to them or that they’ve collected from your use of their services. Please, see more details on the "About" tab  the "About" tab ] but found [We may use cookies and similar technologies to collect information about the ways you interact with and use the website, to support and enhance features and functionality, to monitor performance, to personalize content and experiences, for marketing and analytics, and for other lawful purposes. We also may share information about your use of our site with our social media, advertising and analytics partners who may combine it with other information that you’ve provided to them or that they’ve collected from your use of their services. Please, see more details on the "About" tab ]
at com.creatio.crm.application.steps.CookiesPageSteps.verifyCookieContentDisplayed(CookiesPageSteps.java:30)
at com.creatio.crm.application.tests.AplicationTest.verifyCookieContentDisplayed(AplicationTest.java:20)
at java.base/java.util.ArrayList.forEach(ArrayList.java:1597)
... Removed 31 stack frames]]>
    </failure>
  </testcase> <!-- verifyCookieContentDisplayed -->
  <testcase classname="com.creatio.crm.application.tests.AplicationTest" name="verifyCookiepopupbtnDisplayed" time="2.87"/>
  <testcase classname="com.creatio.crm.application.tests.AplicationTest" name="creatioLogoCookieBotLogoDisplayed" time="3.721"/>
</testsuite> <!-- Test -->
