<?xml version="1.0" encoding="UTF-8"?>
<testng-results ignored="0" total="2" passed="2" failed="0" skipped="0">
  <reporter-output>
  </reporter-output>
  <suite started-at="2025-05-04T08:06:40 IST" name="Suite" finished-at="2025-05-04T08:07:04 IST" duration-ms="23574">
    <groups>
    </groups>
    <test started-at="2025-05-04T08:06:40 IST" name="Test" finished-at="2025-05-04T08:07:04 IST" duration-ms="23574">
      <class name="com.creatio.crm.application.tests.AplicationTest">
        <test-method is-config="true" signature="SetupReport()[pri:0, instance:com.creatio.crm.application.tests.AplicationTest@74235045]" started-at="2025-05-04T08:06:40 IST" name="SetupReport" finished-at="2025-05-04T08:06:40 IST" duration-ms="134" status="PASS">
          <reporter-output>
          </reporter-output>
        </test-method> <!-- SetupReport -->
        <test-method is-config="true" signature="setupbrowser(java.lang.String)[pri:0, instance:com.creatio.crm.application.tests.AplicationTest@74235045]" started-at="2025-05-04T08:06:41 IST" name="setupbrowser" finished-at="2025-05-04T08:06:42 IST" duration-ms="1457" status="PASS">
          <params>
            <param index="0">
              <value>
                <![CDATA[Chrome]]>
              </value>
            </param>
          </params>
          <reporter-output>
          </reporter-output>
        </test-method> <!-- setupbrowser -->
        <test-method is-config="true" signature="initializeWeDriverdetails()[pri:0, instance:com.creatio.crm.application.tests.AplicationTest@74235045]" started-at="2025-05-04T08:06:42 IST" name="initializeWeDriverdetails" finished-at="2025-05-04T08:06:42 IST" depends-on-methods="com.creatio.crm.framework.base.BasePage.setupbrowser" duration-ms="69" status="PASS">
          <reporter-output>
          </reporter-output>
        </test-method> <!-- initializeWeDriverdetails -->
        <test-method signature="verifySigninPage(java.lang.String,java.lang.String,java.lang.String)[pri:13, instance:com.creatio.crm.application.tests.AplicationTest@74235045]" started-at="2025-05-04T08:06:42 IST" name="verifySigninPage" data-provider="testdata" finished-at="2025-05-04T08:06:56 IST" duration-ms="14022" status="PASS">
          <params>
            <param index="0">
              <value>
                <![CDATA[BharathTechAcademy13@outlook.com]]>
              </value>
            </param>
            <param index="1">
              <value>
                <![CDATA[BharathTechAcademy@123]]>
              </value>
            </param>
            <param index="2">
              <value>
                <![CDATA[valid]]>
              </value>
            </param>
          </params>
          <reporter-output>
          </reporter-output>
        </test-method> <!-- verifySigninPage -->
        <test-method is-config="true" signature="tearDownBrowser()[pri:0, instance:com.creatio.crm.application.tests.AplicationTest@74235045]" started-at="2025-05-04T08:06:57 IST" name="tearDownBrowser" finished-at="2025-05-04T08:06:57 IST" duration-ms="259" status="PASS">
          <reporter-output>
          </reporter-output>
        </test-method> <!-- tearDownBrowser -->
        <test-method is-config="true" signature="setupbrowser(java.lang.String)[pri:0, instance:com.creatio.crm.application.tests.AplicationTest@74235045]" started-at="2025-05-04T08:06:57 IST" name="setupbrowser" finished-at="2025-05-04T08:06:58 IST" duration-ms="1134" status="PASS">
          <params>
            <param index="0">
              <value>
                <![CDATA[Chrome]]>
              </value>
            </param>
          </params>
          <reporter-output>
          </reporter-output>
        </test-method> <!-- setupbrowser -->
        <test-method is-config="true" signature="initializeWeDriverdetails()[pri:0, instance:com.creatio.crm.application.tests.AplicationTest@74235045]" started-at="2025-05-04T08:06:58 IST" name="initializeWeDriverdetails" finished-at="2025-05-04T08:06:58 IST" depends-on-methods="com.creatio.crm.framework.base.BasePage.setupbrowser" duration-ms="5" status="PASS">
          <reporter-output>
          </reporter-output>
        </test-method> <!-- initializeWeDriverdetails -->
        <test-method signature="verifySigninPage(java.lang.String,java.lang.String,java.lang.String)[pri:13, instance:com.creatio.crm.application.tests.AplicationTest@74235045]" started-at="2025-05-04T08:06:58 IST" name="verifySigninPage" data-provider="testdata" finished-at="2025-05-04T08:07:03 IST" duration-ms="5437" status="PASS">
          <params>
            <param index="0">
              <value>
                <![CDATA[BharathTechAcademy162345182754@gmail.com]]>
              </value>
            </param>
            <param index="1">
              <value>
                <![CDATA[ABCD123#]]>
              </value>
            </param>
            <param index="2">
              <value>
                <![CDATA[invalid]]>
              </value>
            </param>
          </params>
          <reporter-output>
          </reporter-output>
        </test-method> <!-- verifySigninPage -->
        <test-method is-config="true" signature="tearDownBrowser()[pri:0, instance:com.creatio.crm.application.tests.AplicationTest@74235045]" started-at="2025-05-04T08:07:03 IST" name="tearDownBrowser" finished-at="2025-05-04T08:07:04 IST" duration-ms="177" status="PASS">
          <reporter-output>
          </reporter-output>
        </test-method> <!-- tearDownBrowser -->
      </class> <!-- com.creatio.crm.application.tests.AplicationTest -->
    </test> <!-- Test -->
  </suite> <!-- Suite -->
</testng-results>
